1762082401|/|
1762082404|/index.php|http://schoolb2/
1762082405|/index.php?id=contact|http://schoolb2/index.php
1762082406|/index.php?id=about|http://schoolb2/index.php?id=contact
1762082406|/index.php?id=info|http://schoolb2/index.php?id=about
1762082407|/index.php?id=gbook|http://schoolb2/index.php?id=info
1762082407|/index.php?id=log|http://schoolb2/index.php?id=gbook
1762082431|/index.php?id=gbook|http://schoolb2/index.php?id=log
1762082432|/index.php?id=log|http://schoolb2/index.php?id=gbook
1762087394|/|
1762087396|/index.php|http://schoolb2/
1762087397|/index.php?id=contact|http://schoolb2/index.php
1762087397|/index.php?id=about|http://schoolb2/index.php?id=contact
1762087398|/index.php?id=info|http://schoolb2/index.php?id=about
1762087398|/index.php?id=gbook|http://schoolb2/index.php?id=info
1762087401|/index.php?id=log|http://schoolb2/index.php?id=info
1762087402|/index.php?id=gbook|http://schoolb2/index.php?id=log
1762087404|/index.php?id=log|http://schoolb2/index.php?id=log
1762087406|/index.php?id=gbook|http://schoolb2/index.php?id=info
1762087567|/index.php|http://schoolb2/index.php?id=info
1762087568|/index.php?id=contact|http://schoolb2/index.php
1762087570|/index.php?id=about|http://schoolb2/index.php?id=contact
1762087571|/index.php?id=info|http://schoolb2/index.php?id=about
1762087572|/index.php?id=contact|http://schoolb2/index.php?id=info
1762087573|/index.php?id=gbook|http://schoolb2/index.php?id=contact
1762087575|/index.php?id=gbook|http://schoolb2/index.php?id=contact
1762087600|/index.php|http://schoolb2/index.php?id=contact
1762088072|/index.php|http://schoolb2/index.php?id=contact
1762088072|/index.php|http://schoolb2/index.php?id=contact
1762088072|/index.php|http://schoolb2/index.php?id=contact
1762088073|/index.php?id=log|http://schoolb2/index.php
1762088073|/index.php?id=gbook|http://schoolb2/index.php?id=log
1762088077|/index.php?id=gbook|http://schoolb2/index.php?id=log
1762088077|/index.php?id=gbook|http://schoolb2/index.php?id=log
1762088078|/index.php?id=gbook|http://schoolb2/index.php?id=log
1762088078|/index.php?id=gbook|http://schoolb2/index.php?id=log
1762088078|/index.php?id=gbook|http://schoolb2/index.php?id=log
1762088088|/index.php?id=gbook|http://schoolb2/index.php?id=log
1762088091|/index.php?id=gbook|http://schoolb2/index.php?id=log
1762088093|/index.php?id=contact|http://schoolb2/index.php?id=log
1762088094|/index.php?id=about|http://schoolb2/index.php?id=contact
1762088094|/index.php?id=contact|http://schoolb2/index.php?id=about
1762088095|/index.php|http://schoolb2/index.php?id=contact
1762088096|/index.php?id=info|http://schoolb2/index.php
1762088097|/index.php?id=gbook|http://schoolb2/index.php?id=info
1762088099|/index.php?id=about|http://schoolb2/index.php?id=info
1762088100|/index.php?id=log|http://schoolb2/index.php?id=about
1762088103|/index.php?id=gbook|http://schoolb2/index.php?id=log
1762088207|/index.php?id=gbook|http://schoolb2/index.php?id=log
1762088207|/index.php?id=gbook|http://schoolb2/index.php?id=log
1762088207|/index.php?id=gbook|http://schoolb2/index.php?id=log
1762088207|/index.php?id=gbook|http://schoolb2/index.php?id=log
1762088208|/index.php?id=gbook|http://schoolb2/index.php?id=log
1762088208|/index.php?id=gbook|http://schoolb2/index.php?id=log
1762088208|/index.php?id=gbook|http://schoolb2/index.php?id=log
1762088210|/index.php?id=info|http://schoolb2/index.php?id=log
1762088210|/index.php?id=gbook|http://schoolb2/index.php?id=info
1762088282|/index.php?id=gbook|http://schoolb2/index.php?id=info
1762088296|/index.php?id=gbook|http://schoolb2/index.php?id=info
1762088444|/index.php?id=gbook|http://schoolb2/index.php?id=info
1762088444|/index.php?id=gbook|http://schoolb2/index.php?id=info
1762088445|/index.php?id=gbook|http://schoolb2/index.php?id=info
1762088445|/index.php?id=gbook|http://schoolb2/index.php?id=info
1762088445|/index.php?id=gbook|http://schoolb2/index.php?id=info
1762088445|/index.php?id=gbook|http://schoolb2/index.php?id=info
1762088445|/index.php?id=gbook|http://schoolb2/index.php?id=info
1762088445|/index.php?id=gbook|http://schoolb2/index.php?id=info
1762088445|/index.php?id=gbook|http://schoolb2/index.php?id=info
1762088445|/index.php?id=gbook|http://schoolb2/index.php?id=info
1762088446|/index.php?id=gbook|http://schoolb2/index.php?id=info
1762088448|/index.php|http://schoolb2/index.php?id=info
1762088449|/index.php?id=contact|http://schoolb2/index.php
1762088449|/index.php?id=about|http://schoolb2/index.php?id=contact
1762088450|/index.php?id=info|http://schoolb2/index.php?id=about
1762088450|/index.php?id=gbook|http://schoolb2/index.php?id=info
1762088452|/index.php?id=log|http://schoolb2/index.php?id=info
1762088453|/index.php?id=gbook|http://schoolb2/index.php?id=info
1762088570|/index.php|http://schoolb2/index.php?id=info
1762088619|/index.php|http://schoolb2/index.php
1762088620|/index.php?id=contact|http://schoolb2/index.php
1762088624|/index.php?id=about|http://schoolb2/index.php?id=contact
1762088625|/index.php?id=info|http://schoolb2/index.php?id=about
1762088627|/index.php?id=log|http://schoolb2/index.php?id=info
1762088667|/index.php?id=gbook|http://schoolb2/index.php?id=log
1762088865|/index.php?id=gbook|http://schoolb2/index.php?id=log
1762088875|/|
1762088880|/index.php|http://schoolb2/
1762088881|/index.php?id=contact|http://schoolb2/index.php
1762088882|/index.php?id=about|http://schoolb2/index.php?id=contact
1762088882|/index.php?id=info|http://schoolb2/index.php?id=about
1762088883|/index.php?id=gbook|http://schoolb2/index.php?id=info
1762088884|/index.php?id=log|http://schoolb2/index.php?id=info
1762088885|/index.php?id=gbook|http://schoolb2/index.php?id=log
1762088969|/index.php|http://schoolb2/index.php?id=log
1762088979|/index.php?id=contact|http://schoolb2/index.php
1762088980|/index.php|http://schoolb2/index.php?id=contact
1762088980|/index.php|http://schoolb2/index.php
1762089472|/index.php?id=gbook|http://schoolb2/index.php
1762089473|/index.php?id=gbook|http://schoolb2/index.php
1762089475|/index.php?id=gbook|http://schoolb2/index.php
1762089476|/index.php?id=gbook|http://schoolb2/index.php
1762089476|/index.php?id=gbook|http://schoolb2/index.php
1762089477|/index.php?id=gbook|http://schoolb2/index.php
1762089478|/index.php?id=gbook|http://schoolb2/index.php
1762089480|/index.php?id=gbook|http://schoolb2/index.php
1762089669|/index.php|http://schoolb2/index.php
1762089670|/index.php?id=contact|http://schoolb2/index.php
1762089672|/index.php?id=about|http://schoolb2/index.php?id=contact
1762089675|/index.php?id=info|http://schoolb2/index.php?id=about
1762089677|/index.php?id=gbook|http://schoolb2/index.php?id=info
1762089679|/index.php?id=gbook|http://schoolb2/index.php?id=info
1762089784|/index.php?id=info|http://schoolb2/index.php?id=about
1762089785|/index.php|http://schoolb2/index.php?id=info
1762089786|/index.php?id=contact|http://schoolb2/index.php
1762089786|/index.php?id=about|http://schoolb2/index.php?id=contact
1762089845|/index.php?id=gbook|http://schoolb2/index.php?id=about
1762091203|/index.php?id=gbook|http://schoolb2/index.php?id=about
1762091203|/index.php?id=gbook|http://schoolb2/index.php?id=about
1762091203|/index.php?id=gbook|http://schoolb2/index.php?id=about
1762091203|/index.php?id=gbook|http://schoolb2/index.php?id=about
1762091204|/index.php?id=gbook|http://schoolb2/index.php?id=about
1762091204|/index.php?id=gbook|http://schoolb2/index.php?id=about
1762091204|/index.php?id=gbook|http://schoolb2/index.php?id=about
1762091204|/index.php?id=gbook|http://schoolb2/index.php?id=about
1762091235|/index.php?id=gbook|http://schoolb2/index.php?id=gbook
1762091241|/index.php?id=gbook|http://schoolb2/index.php?id=gbook
1762091246|/index.php?id=info|http://schoolb2/index.php?id=gbook
1762091247|/index.php?id=gbook|http://schoolb2/index.php?id=info
1762091249|/index.php?id=gbook&del=2|http://schoolb2/index.php?id=gbook
1762091250|/index.php?id=gbook&del=1|http://schoolb2/index.php?id=gbook&del=2
1762091256|/index.php?id=gbook&del=1|http://schoolb2/index.php?id=gbook&del=1
1762091260|/index.php?id=gbook&del=1|http://schoolb2/index.php?id=gbook&del=1
1762091278|/index.php?id=gbook&del=3|http://schoolb2/index.php?id=gbook&del=1
1762091285|/index.php?id=gbook|http://schoolb2/index.php?id=gbook&del=3
1762091285|/index.php?id=info|http://schoolb2/index.php?id=gbook
1762091286|/index.php?id=gbook|http://schoolb2/index.php?id=info
1762091287|/index.php?id=log|http://schoolb2/index.php?id=gbook
1762091288|/index.php?id=gbook|http://schoolb2/index.php?id=log
1762091290|/index.php?id=info|http://schoolb2/index.php?id=gbook
1762091359|/index.php?id=info|http://schoolb2/index.php?id=gbook
1762091359|/index.php?id=info|http://schoolb2/index.php?id=gbook
1762091360|/index.php?id=gbook|http://schoolb2/index.php?id=info
1762091369|/index.php?id=gbook|http://schoolb2/index.php?id=info
1762091369|/index.php?id=gbook|http://schoolb2/index.php?id=info
1762091369|/index.php?id=gbook|http://schoolb2/index.php?id=info
1762091369|/index.php?id=gbook|http://schoolb2/index.php?id=info
1762091369|/index.php?id=gbook|http://schoolb2/index.php?id=info
1762091369|/index.php?id=gbook|http://schoolb2/index.php?id=info
1762091384|/index.php?id=gbook|http://schoolb2/index.php?id=info
1762091392|/index.php?id=gbook|http://schoolb2/index.php?id=info
1762091393|/index.php?id=gbook|http://schoolb2/index.php?id=info
1762091393|/index.php?id=gbook|http://schoolb2/index.php?id=info
1762091669|/index.php?id=gbook|http://schoolb2/index.php?id=info
1762091670|/index.php?id=gbook|http://schoolb2/index.php?id=info
1762091674|/index.php?id=gbook|http://schoolb2/index.php?id=gbook
1762091691|/index.php?id=gbook|http://schoolb2/index.php?id=gbook
